<?xml version="1.0" encoding="UTF-8"?>
<testng-results ignored="0" total="2" passed="2" failed="0" skipped="0">
  <reporter-output>
  </reporter-output>
  <suite started-at="2023-04-21T13:33:37 IST" name="Default suite" finished-at="2023-04-21T13:33:37 IST" duration-ms="33">
    <groups>
    </groups>
    <test started-at="2023-04-21T13:33:37 IST" name="Default test" finished-at="2023-04-21T13:33:37 IST" duration-ms="33">
      <class name="testNG.AnnotationDemo1">
        <test-method is-config="true" signature="login()[pri:0, instance:testNG.AnnotationDemo1@6dc17b83]" started-at="2023-04-21T13:33:37 IST" name="login" finished-at="2023-04-21T13:33:37 IST" duration-ms="3" status="PASS">
          <reporter-output>
          </reporter-output>
        </test-method> <!-- login -->
        <test-method signature="advancedSearch()[pri:0, instance:testNG.AnnotationDemo1@6dc17b83]" started-at="2023-04-21T13:33:37 IST" name="advancedSearch" finished-at="2023-04-21T13:33:37 IST" duration-ms="4" status="PASS">
          <reporter-output>
          </reporter-output>
        </test-method> <!-- advancedSearch -->
        <test-method is-config="true" signature="logout()[pri:0, instance:testNG.AnnotationDemo1@6dc17b83]" started-at="2023-04-21T13:33:37 IST" name="logout" finished-at="2023-04-21T13:33:37 IST" duration-ms="0" status="PASS">
          <reporter-output>
          </reporter-output>
        </test-method> <!-- logout -->
        <test-method is-config="true" signature="login()[pri:0, instance:testNG.AnnotationDemo1@6dc17b83]" started-at="2023-04-21T13:33:37 IST" name="login" finished-at="2023-04-21T13:33:37 IST" duration-ms="0" status="PASS">
          <reporter-output>
          </reporter-output>
        </test-method> <!-- login -->
        <test-method signature="search()[pri:0, instance:testNG.AnnotationDemo1@6dc17b83]" started-at="2023-04-21T13:33:37 IST" name="search" finished-at="2023-04-21T13:33:37 IST" duration-ms="1" status="PASS">
          <reporter-output>
          </reporter-output>
        </test-method> <!-- search -->
        <test-method is-config="true" signature="logout()[pri:0, instance:testNG.AnnotationDemo1@6dc17b83]" started-at="2023-04-21T13:33:37 IST" name="logout" finished-at="2023-04-21T13:33:37 IST" duration-ms="0" status="PASS">
          <reporter-output>
          </reporter-output>
        </test-method> <!-- logout -->
      </class> <!-- testNG.AnnotationDemo1 -->
    </test> <!-- Default test -->
  </suite> <!-- Default suite -->
</testng-results>
